  Login.cpp
  Menu.cpp
  Rating.cpp
C:\Users\Mocha\Documents\GitHub\TuitionCentreManagement\DSTR-TuitionCentreManagement\DSTR-TuitionCentreManagement\Rating.cpp(170,17): warning C4244: '=': conversion from 'int' to 'float', possible loss of data
  Student.cpp
  Subject.cpp
  Tuition.cpp
  TuitionCentre.cpp
  Tutor.cpp
  main.cpp
  Generating Code...
C:\Users\Mocha\Documents\GitHub\TuitionCentreManagement\DSTR-TuitionCentreManagement\DSTR-TuitionCentreManagement\Tutor.cpp(234): warning C4172: returning address of local variable or temporary: node
C:\Users\Mocha\Documents\GitHub\TuitionCentreManagement\DSTR-TuitionCentreManagement\DSTR-TuitionCentreManagement\TuitionCentre.cpp(90): warning C4172: returning address of local variable or temporary: node
C:\Users\Mocha\Documents\GitHub\TuitionCentreManagement\DSTR-TuitionCentreManagement\DSTR-TuitionCentreManagement\TuitionCentre.cpp(102): warning C4172: returning address of local variable or temporary: node
C:\Users\Mocha\Documents\GitHub\TuitionCentreManagement\DSTR-TuitionCentreManagement\DSTR-TuitionCentreManagement\Tuition.cpp(68): warning C4172: returning address of local variable or temporary: node
C:\Users\Mocha\Documents\GitHub\TuitionCentreManagement\DSTR-TuitionCentreManagement\DSTR-TuitionCentreManagement\Subject.cpp(105): warning C4172: returning address of local variable or temporary: node
C:\Users\Mocha\Documents\GitHub\TuitionCentreManagement\DSTR-TuitionCentreManagement\DSTR-TuitionCentreManagement\Subject.cpp(117): warning C4172: returning address of local variable or temporary: node
C:\Users\Mocha\Documents\GitHub\TuitionCentreManagement\DSTR-TuitionCentreManagement\DSTR-TuitionCentreManagement\Student.cpp(133): warning C4172: returning address of local variable or temporary: node
C:\Users\Mocha\Documents\GitHub\TuitionCentreManagement\DSTR-TuitionCentreManagement\DSTR-TuitionCentreManagement\Student.cpp(114): warning C4172: returning address of local variable or temporary: node
C:\Users\Mocha\Documents\GitHub\TuitionCentreManagement\DSTR-TuitionCentreManagement\DSTR-TuitionCentreManagement\Rating.cpp(116): warning C4172: returning address of local variable or temporary: node
  LINK : C:\Users\Mocha\Documents\GitHub\TuitionCentreManagement\DSTR-TuitionCentreManagement\x64\Debug\DSTR-TuitionCentreManagement.exe not found or not built by the last incremental link; performing full link
  DSTR-TuitionCentreManagement.vcxproj -> C:\Users\Mocha\Documents\GitHub\TuitionCentreManagement\DSTR-TuitionCentreManagement\x64\Debug\DSTR-TuitionCentreManagement.exe
